2020-09-09 11:01:21.105  INFO 316799 --- [restartedMain] c.k.watcher.KubeWatcherApplication       : The following profiles are active: local,embedded
2020-09-09 11:01:21.663  INFO 316799 --- [restartedMain] .s.d.r.c.RepositoryConfigurationDelegate : Bootstrapping Spring Data JPA repositories in DEFAULT mode.
2020-09-09 11:01:21.714  INFO 316799 --- [restartedMain] .s.d.r.c.RepositoryConfigurationDelegate : Finished Spring Data repository scanning in 44ms. Found 3 JPA repository interfaces.
2020-09-09 11:01:22.057  WARN 316799 --- [restartedMain] o.m.s.mapper.ClassPathMapperScanner      : No MyBatis mapper was found in '[com.kubeworks.watcher]' package. Please check your configuration.
2020-09-09 11:01:22.120  INFO 316799 --- [restartedMain] o.s.cloud.context.scope.GenericScope     : BeanFactory id=ee044b7c-148c-3325-b4fb-d7c98982b37d
2020-09-09 11:01:22.221  INFO 316799 --- [restartedMain] trationDelegate$BeanPostProcessorChecker : Bean 'com.kubeworks.watcher.ecosystem.grafana.feign.GrafanaFeignClient' of type [org.springframework.cloud.openfeign.FeignClientFactoryBean] is not eligible for getting processed by all BeanPostProcessors (for example: not eligible for auto-proxying)
2020-09-09 11:01:22.222  INFO 316799 --- [restartedMain] trationDelegate$BeanPostProcessorChecker : Bean 'com.kubeworks.watcher.ecosystem.prometheus.feign.PrometheusFeginClient' of type [org.springframework.cloud.openfeign.FeignClientFactoryBean] is not eligible for getting processed by all BeanPostProcessors (for example: not eligible for auto-proxying)
2020-09-09 11:01:22.732  INFO 316799 --- [restartedMain] o.s.b.w.embedded.tomcat.TomcatWebServer  : Tomcat initialized with port(s): 8080 (http)
2020-09-09 11:01:22.739  INFO 316799 --- [restartedMain] o.apache.catalina.core.StandardService   : Starting service [Tomcat]
2020-09-09 11:01:22.739  INFO 316799 --- [restartedMain] org.apache.catalina.core.StandardEngine  : Starting Servlet engine: [Apache Tomcat/9.0.36]
2020-09-09 11:01:22.815  INFO 316799 --- [restartedMain] o.a.c.c.C.[Tomcat].[localhost].[/]       : Initializing Spring embedded WebApplicationContext
2020-09-09 11:01:22.815  INFO 316799 --- [restartedMain] w.s.c.ServletWebServerApplicationContext : Root WebApplicationContext: initialization completed in 1687 ms
2020-09-09 11:01:22.942  INFO 316799 --- [restartedMain] com.zaxxer.hikari.HikariDataSource       : HikariPool-1 - Starting...
2020-09-09 11:01:23.034  INFO 316799 --- [restartedMain] com.zaxxer.hikari.HikariDataSource       : HikariPool-1 - Start completed.
2020-09-09 11:01:23.110  INFO 316799 --- [restartedMain] o.s.b.a.h2.H2ConsoleAutoConfiguration    : H2 console available at '/h2-console'. Database available at 'jdbc:h2:mem:kube-watcher'
2020-09-09 11:01:23.225  INFO 316799 --- [restartedMain] o.s.b.d.a.OptionalLiveReloadServer       : LiveReload server is running on port 35729
2020-09-09 11:01:23.309  INFO 316799 --- [restartedMain] o.hibernate.jpa.internal.util.LogHelper  : HHH000204: Processing PersistenceUnitInfo [name: default]
2020-09-09 11:01:23.347  INFO 316799 --- [restartedMain] org.hibernate.Version                    : HHH000412: Hibernate ORM core version 5.4.17.Final
2020-09-09 11:01:23.464  INFO 316799 --- [restartedMain] o.hibernate.annotations.common.Version   : HCANN000001: Hibernate Commons Annotations {5.1.0.Final}
2020-09-09 11:01:23.544  INFO 316799 --- [restartedMain] org.hibernate.dialect.Dialect            : HHH000400: Using dialect: org.hibernate.dialect.MySQL5InnoDBDialect
2020-09-09 11:01:24.108  INFO 316799 --- [restartedMain] o.h.e.t.j.p.i.JtaPlatformInitiator       : HHH000490: Using JtaPlatform implementation: [org.hibernate.engine.transaction.jta.platform.internal.NoJtaPlatform]
2020-09-09 11:01:24.118  INFO 316799 --- [restartedMain] j.LocalContainerEntityManagerFactoryBean : Initialized JPA EntityManagerFactory for persistence unit 'default'
2020-09-09 11:01:24.589  WARN 316799 --- [restartedMain] JpaBaseConfiguration$JpaWebConfiguration : spring.jpa.open-in-view is enabled by default. Therefore, database queries may be performed during view rendering. Explicitly configure spring.jpa.open-in-view to disable this warning
2020-09-09 11:01:25.005  INFO 316799 --- [restartedMain] o.s.s.web.DefaultSecurityFilterChain     : Creating filter chain: any request, [org.springframework.security.web.context.request.async.WebAsyncManagerIntegrationFilter@60a70971, org.springframework.security.web.context.SecurityContextPersistenceFilter@622fd62e, org.springframework.security.web.header.HeaderWriterFilter@4b67c2b5, org.springframework.security.web.csrf.CsrfFilter@545ef96b, org.springframework.security.web.authentication.logout.LogoutFilter@34e5d6c5, org.springframework.security.web.authentication.UsernamePasswordAuthenticationFilter@bde7aac, org.springframework.security.web.authentication.www.BasicAuthenticationFilter@5d2ecd, org.springframework.security.web.savedrequest.RequestCacheAwareFilter@7aef538b, org.springframework.security.web.servletapi.SecurityContextHolderAwareRequestFilter@6c0c1ea1, org.springframework.security.web.authentication.AnonymousAuthenticationFilter@49e70f65, org.springframework.security.web.session.SessionManagementFilter@7053dc0d, org.springframework.security.web.access.ExceptionTranslationFilter@6b1f812e, org.springframework.security.web.access.intercept.FilterSecurityInterceptor@41427ce]
2020-09-09 11:01:25.051  WARN 316799 --- [restartedMain] c.n.c.sources.URLConfigurationSource     : No URLs will be polled as dynamic configuration sources.
2020-09-09 11:01:25.052  INFO 316799 --- [restartedMain] c.n.c.sources.URLConfigurationSource     : To enable URLs as dynamic configuration sources, define System property archaius.configurationSource.additionalUrls or make config.properties available on classpath.
2020-09-09 11:01:25.054  WARN 316799 --- [restartedMain] c.n.c.sources.URLConfigurationSource     : No URLs will be polled as dynamic configuration sources.
2020-09-09 11:01:25.054  INFO 316799 --- [restartedMain] c.n.c.sources.URLConfigurationSource     : To enable URLs as dynamic configuration sources, define System property archaius.configurationSource.additionalUrls or make config.properties available on classpath.
2020-09-09 11:01:25.134  INFO 316799 --- [restartedMain] o.s.s.concurrent.ThreadPoolTaskExecutor  : Initializing ExecutorService 'applicationTaskExecutor'
2020-09-09 11:01:25.730  INFO 316799 --- [restartedMain] o.s.b.a.e.web.EndpointLinksResolver      : Exposing 3 endpoint(s) beneath base path '/actuator'
2020-09-09 11:01:25.822  INFO 316799 --- [restartedMain] o.s.b.w.embedded.tomcat.TomcatWebServer  : Tomcat started on port(s): 8080 (http) with context path ''
2020-09-09 11:01:25.835  INFO 316799 --- [restartedMain] c.k.watcher.KubeWatcherApplication       : Started KubeWatcherApplication in 5.471 seconds (JVM running for 7.081)
2020-09-09 11:01:26.364  INFO 316799 --- [RMI TCP Connection(2)-127.0.0.1] o.a.c.c.C.[Tomcat].[localhost].[/]       : Initializing Spring DispatcherServlet 'dispatcherServlet'
2020-09-09 11:01:26.364  INFO 316799 --- [RMI TCP Connection(2)-127.0.0.1] o.s.web.servlet.DispatcherServlet        : Initializing Servlet 'dispatcherServlet'
2020-09-09 11:01:26.371  INFO 316799 --- [RMI TCP Connection(2)-127.0.0.1] o.s.web.servlet.DispatcherServlet        : Completed initialization in 7 ms
2020-09-09 11:03:36.404  INFO 316799 --- [SpringContextShutdownHook] o.s.s.concurrent.ThreadPoolTaskExecutor  : Shutting down ExecutorService 'applicationTaskExecutor'
2020-09-09 11:03:36.409  INFO 316799 --- [SpringContextShutdownHook] j.LocalContainerEntityManagerFactoryBean : Closing JPA EntityManagerFactory for persistence unit 'default'
2020-09-09 11:03:36.652  WARN 316799 --- [SpringContextShutdownHook] o.s.b.f.support.DisposableBeanAdapter    : Invocation of destroy method failed on bean with name 'inMemoryDatabaseShutdownExecutor': org.h2.jdbc.JdbcSQLNonTransientConnectionException: Database is already closed (to disable automatic closing at VM shutdown, add ";DB_CLOSE_ON_EXIT=FALSE" to the db URL) [90121-200]
2020-09-09 11:03:36.653  INFO 316799 --- [SpringContextShutdownHook] com.zaxxer.hikari.HikariDataSource       : HikariPool-1 - Shutdown initiated...
2020-09-09 11:03:36.655  INFO 316799 --- [SpringContextShutdownHook] com.zaxxer.hikari.HikariDataSource       : HikariPool-1 - Shutdown completed.
2020-09-09 11:03:39.737  INFO 321061 --- [restartedMain] c.k.watcher.KubeWatcherApplication       : The following profiles are active: local,embedded
2020-09-09 11:03:40.252  INFO 321061 --- [restartedMain] .s.d.r.c.RepositoryConfigurationDelegate : Bootstrapping Spring Data JPA repositories in DEFAULT mode.
2020-09-09 11:03:40.300  INFO 321061 --- [restartedMain] .s.d.r.c.RepositoryConfigurationDelegate : Finished Spring Data repository scanning in 42ms. Found 3 JPA repository interfaces.
2020-09-09 11:03:40.649  WARN 321061 --- [restartedMain] o.m.s.mapper.ClassPathMapperScanner      : No MyBatis mapper was found in '[com.kubeworks.watcher]' package. Please check your configuration.
2020-09-09 11:03:40.710  INFO 321061 --- [restartedMain] o.s.cloud.context.scope.GenericScope     : BeanFactory id=ee044b7c-148c-3325-b4fb-d7c98982b37d
2020-09-09 11:03:40.808  INFO 321061 --- [restartedMain] trationDelegate$BeanPostProcessorChecker : Bean 'com.kubeworks.watcher.ecosystem.grafana.feign.GrafanaFeignClient' of type [org.springframework.cloud.openfeign.FeignClientFactoryBean] is not eligible for getting processed by all BeanPostProcessors (for example: not eligible for auto-proxying)
2020-09-09 11:03:40.809  INFO 321061 --- [restartedMain] trationDelegate$BeanPostProcessorChecker : Bean 'com.kubeworks.watcher.ecosystem.prometheus.feign.PrometheusFeginClient' of type [org.springframework.cloud.openfeign.FeignClientFactoryBean] is not eligible for getting processed by all BeanPostProcessors (for example: not eligible for auto-proxying)
2020-09-09 11:03:41.286  INFO 321061 --- [restartedMain] o.s.b.w.embedded.tomcat.TomcatWebServer  : Tomcat initialized with port(s): 8080 (http)
2020-09-09 11:03:41.292  INFO 321061 --- [restartedMain] o.apache.catalina.core.StandardService   : Starting service [Tomcat]
2020-09-09 11:03:41.293  INFO 321061 --- [restartedMain] org.apache.catalina.core.StandardEngine  : Starting Servlet engine: [Apache Tomcat/9.0.36]
2020-09-09 11:03:41.364  INFO 321061 --- [restartedMain] o.a.c.c.C.[Tomcat].[localhost].[/]       : Initializing Spring embedded WebApplicationContext
2020-09-09 11:03:41.365  INFO 321061 --- [restartedMain] w.s.c.ServletWebServerApplicationContext : Root WebApplicationContext: initialization completed in 1606 ms
2020-09-09 11:03:41.482  INFO 321061 --- [restartedMain] com.zaxxer.hikari.HikariDataSource       : HikariPool-1 - Starting...
2020-09-09 11:03:41.589  INFO 321061 --- [restartedMain] com.zaxxer.hikari.HikariDataSource       : HikariPool-1 - Start completed.
2020-09-09 11:03:41.669  INFO 321061 --- [restartedMain] o.s.b.a.h2.H2ConsoleAutoConfiguration    : H2 console available at '/h2-console'. Database available at 'jdbc:h2:mem:kube-watcher'
2020-09-09 11:03:41.750  INFO 321061 --- [restartedMain] o.s.b.d.a.OptionalLiveReloadServer       : LiveReload server is running on port 35729
2020-09-09 11:03:41.832  INFO 321061 --- [restartedMain] o.hibernate.jpa.internal.util.LogHelper  : HHH000204: Processing PersistenceUnitInfo [name: default]
2020-09-09 11:03:41.867  INFO 321061 --- [restartedMain] org.hibernate.Version                    : HHH000412: Hibernate ORM core version 5.4.17.Final
2020-09-09 11:03:41.963  INFO 321061 --- [restartedMain] o.hibernate.annotations.common.Version   : HCANN000001: Hibernate Commons Annotations {5.1.0.Final}
2020-09-09 11:03:42.045  INFO 321061 --- [restartedMain] org.hibernate.dialect.Dialect            : HHH000400: Using dialect: org.hibernate.dialect.MySQL5InnoDBDialect
2020-09-09 11:03:42.629  INFO 321061 --- [restartedMain] o.h.e.t.j.p.i.JtaPlatformInitiator       : HHH000490: Using JtaPlatform implementation: [org.hibernate.engine.transaction.jta.platform.internal.NoJtaPlatform]
2020-09-09 11:03:42.635  INFO 321061 --- [restartedMain] j.LocalContainerEntityManagerFactoryBean : Initialized JPA EntityManagerFactory for persistence unit 'default'
2020-09-09 11:03:43.102  WARN 321061 --- [restartedMain] JpaBaseConfiguration$JpaWebConfiguration : spring.jpa.open-in-view is enabled by default. Therefore, database queries may be performed during view rendering. Explicitly configure spring.jpa.open-in-view to disable this warning
2020-09-09 11:03:43.471  INFO 321061 --- [restartedMain] o.s.s.web.DefaultSecurityFilterChain     : Creating filter chain: any request, [org.springframework.security.web.context.request.async.WebAsyncManagerIntegrationFilter@26e76e9c, org.springframework.security.web.context.SecurityContextPersistenceFilter@38d686e2, org.springframework.security.web.header.HeaderWriterFilter@458067d5, org.springframework.security.web.csrf.CsrfFilter@a9a50ba, org.springframework.security.web.authentication.logout.LogoutFilter@508e28b1, org.springframework.security.web.authentication.UsernamePasswordAuthenticationFilter@6e63493a, org.springframework.security.web.authentication.www.BasicAuthenticationFilter@45aa5c10, org.springframework.security.web.savedrequest.RequestCacheAwareFilter@41fb1c2c, org.springframework.security.web.servletapi.SecurityContextHolderAwareRequestFilter@63ff7885, org.springframework.security.web.authentication.AnonymousAuthenticationFilter@6502c03f, org.springframework.security.web.session.SessionManagementFilter@de8185b, org.springframework.security.web.access.ExceptionTranslationFilter@3239d2ba, org.springframework.security.web.access.intercept.FilterSecurityInterceptor@3edc9ce6]
2020-09-09 11:03:43.518  WARN 321061 --- [restartedMain] c.n.c.sources.URLConfigurationSource     : No URLs will be polled as dynamic configuration sources.
2020-09-09 11:03:43.518  INFO 321061 --- [restartedMain] c.n.c.sources.URLConfigurationSource     : To enable URLs as dynamic configuration sources, define System property archaius.configurationSource.additionalUrls or make config.properties available on classpath.
2020-09-09 11:03:43.521  WARN 321061 --- [restartedMain] c.n.c.sources.URLConfigurationSource     : No URLs will be polled as dynamic configuration sources.
2020-09-09 11:03:43.521  INFO 321061 --- [restartedMain] c.n.c.sources.URLConfigurationSource     : To enable URLs as dynamic configuration sources, define System property archaius.configurationSource.additionalUrls or make config.properties available on classpath.
2020-09-09 11:03:43.582  INFO 321061 --- [restartedMain] o.s.s.concurrent.ThreadPoolTaskExecutor  : Initializing ExecutorService 'applicationTaskExecutor'
2020-09-09 11:03:44.226  INFO 321061 --- [restartedMain] o.s.b.a.e.web.EndpointLinksResolver      : Exposing 3 endpoint(s) beneath base path '/actuator'
2020-09-09 11:03:44.314  INFO 321061 --- [restartedMain] o.s.b.w.embedded.tomcat.TomcatWebServer  : Tomcat started on port(s): 8080 (http) with context path ''
2020-09-09 11:03:44.332  INFO 321061 --- [restartedMain] c.k.watcher.KubeWatcherApplication       : Started KubeWatcherApplication in 5.346 seconds (JVM running for 6.12)
2020-09-09 11:03:44.572  INFO 321061 --- [RMI TCP Connection(1)-127.0.0.1] o.a.c.c.C.[Tomcat].[localhost].[/]       : Initializing Spring DispatcherServlet 'dispatcherServlet'
2020-09-09 11:03:44.573  INFO 321061 --- [RMI TCP Connection(1)-127.0.0.1] o.s.web.servlet.DispatcherServlet        : Initializing Servlet 'dispatcherServlet'
2020-09-09 11:03:44.583  INFO 321061 --- [RMI TCP Connection(1)-127.0.0.1] o.s.web.servlet.DispatcherServlet        : Completed initialization in 10 ms
2020-09-09 11:06:42.868  INFO 321061 --- [SpringContextShutdownHook] o.s.s.concurrent.ThreadPoolTaskExecutor  : Shutting down ExecutorService 'applicationTaskExecutor'
2020-09-09 11:06:42.882  INFO 321061 --- [SpringContextShutdownHook] j.LocalContainerEntityManagerFactoryBean : Closing JPA EntityManagerFactory for persistence unit 'default'
2020-09-09 11:06:43.089  WARN 321061 --- [SpringContextShutdownHook] o.s.b.f.support.DisposableBeanAdapter    : Invocation of destroy method failed on bean with name 'inMemoryDatabaseShutdownExecutor': org.h2.jdbc.JdbcSQLNonTransientConnectionException: Database is already closed (to disable automatic closing at VM shutdown, add ";DB_CLOSE_ON_EXIT=FALSE" to the db URL) [90121-200]
2020-09-09 11:06:43.091  INFO 321061 --- [SpringContextShutdownHook] com.zaxxer.hikari.HikariDataSource       : HikariPool-1 - Shutdown initiated...
2020-09-09 11:06:43.239  INFO 321061 --- [SpringContextShutdownHook] com.zaxxer.hikari.HikariDataSource       : HikariPool-1 - Shutdown completed.
